<?xml version="1.0" encoding="UTF-8"?>
<coverage generated="1645786256581" clover="3.2.0">
  <project timestamp="1645786256581" name="All files">
    <metrics statements="55" coveredstatements="52" conditionals="4" coveredconditionals="2" methods="22" coveredmethods="19" elements="81" coveredelements="73" complexity="0" loc="55" ncloc="55" packages="4" files="9" classes="9"/>
    <package name="src">
      <metrics statements="30" coveredstatements="29" conditionals="4" coveredconditionals="2" methods="10" coveredmethods="10"/>
      <file name="App.js" path="C:\Users\pathan.khajoddin\Desktop\todolist\src\App.js">
        <metrics statements="29" coveredstatements="28" conditionals="4" coveredconditionals="2" methods="10" coveredmethods="10"/>
        <line num="11" count="1" type="stmt"/>
        <line num="17" count="1" type="stmt"/>
        <line num="18" count="1" type="stmt"/>
        <line num="23" count="1" type="stmt"/>
        <line num="24" count="1" type="stmt"/>
        <line num="25" count="1" type="stmt"/>
        <line num="29" count="1" type="cond" truecount="1" falsecount="1"/>
        <line num="30" count="1" type="stmt"/>
        <line num="31" count="1" type="stmt"/>
        <line num="38" count="1" type="stmt"/>
        <line num="39" count="1" type="stmt"/>
        <line num="40" count="1" type="stmt"/>
        <line num="41" count="1" type="stmt"/>
        <line num="47" count="1" type="stmt"/>
        <line num="48" count="1" type="stmt"/>
        <line num="49" count="1" type="stmt"/>
        <line num="51" count="1" type="stmt"/>
        <line num="55" count="1" type="stmt"/>
        <line num="56" count="1" type="cond" truecount="1" falsecount="1"/>
        <line num="57" count="0" type="stmt"/>
        <line num="60" count="1" type="stmt"/>
        <line num="65" count="1" type="stmt"/>
        <line num="66" count="1" type="stmt"/>
        <line num="67" count="1" type="stmt"/>
        <line num="68" count="1" type="stmt"/>
        <line num="69" count="1" type="stmt"/>
        <line num="70" count="1" type="stmt"/>
        <line num="75" count="1" type="stmt"/>
        <line num="81" count="7" type="stmt"/>
      </file>
      <file name="index.js" path="C:\Users\pathan.khajoddin\Desktop\todolist\src\index.js">
        <metrics statements="1" coveredstatements="1" conditionals="0" coveredconditionals="0" methods="0" coveredmethods="0"/>
        <line num="8" count="1" type="stmt"/>
      </file>
    </package>
    <package name="src.components">
      <metrics statements="10" coveredstatements="9" conditionals="0" coveredconditionals="0" methods="5" coveredmethods="3"/>
      <file name="ListGroupItems.js" path="C:\Users\pathan.khajoddin\Desktop\todolist\src\components\ListGroupItems.js">
        <metrics statements="4" coveredstatements="4" conditionals="0" coveredconditionals="0" methods="1" coveredmethods="1"/>
        <line num="9" count="1" type="stmt"/>
        <line num="10" count="1" type="stmt"/>
        <line num="11" count="1" type="stmt"/>
        <line num="23" count="4" type="stmt"/>
      </file>
      <file name="TodoListElement.js" path="C:\Users\pathan.khajoddin\Desktop\todolist\src\components\TodoListElement.js">
        <metrics statements="6" coveredstatements="5" conditionals="0" coveredconditionals="0" methods="4" coveredmethods="2"/>
        <line num="8" count="1" type="stmt"/>
        <line num="11" count="1" type="stmt"/>
        <line num="12" count="1" type="stmt"/>
        <line num="13" count="0" type="stmt"/>
        <line num="16" count="1" type="stmt"/>
        <line num="26" count="3" type="stmt"/>
      </file>
    </package>
    <package name="src.components.common">
      <metrics statements="12" coveredstatements="11" conditionals="0" coveredconditionals="0" methods="5" coveredmethods="4"/>
      <file name="TeamOmegaButtons.js" path="C:\Users\pathan.khajoddin\Desktop\todolist\src\components\common\TeamOmegaButtons.js">
        <metrics statements="3" coveredstatements="3" conditionals="0" coveredconditionals="0" methods="1" coveredmethods="1"/>
        <line num="11" count="1" type="stmt"/>
        <line num="14" count="1" type="stmt"/>
        <line num="23" count="6" type="stmt"/>
      </file>
      <file name="TeamOmegaHeader.js" path="C:\Users\pathan.khajoddin\Desktop\todolist\src\components\common\TeamOmegaHeader.js">
        <metrics statements="1" coveredstatements="1" conditionals="0" coveredconditionals="0" methods="1" coveredmethods="1"/>
        <line num="5" count="3" type="stmt"/>
      </file>
      <file name="TeamOmegaInputBox.js" path="C:\Users\pathan.khajoddin\Desktop\todolist\src\components\common\TeamOmegaInputBox.js">
        <metrics statements="5" coveredstatements="4" conditionals="0" coveredconditionals="0" methods="2" coveredmethods="1"/>
        <line num="6" count="2" type="stmt"/>
        <line num="7" count="0" type="stmt"/>
        <line num="10" count="2" type="stmt"/>
        <line num="11" count="2" type="stmt"/>
        <line num="19" count="4" type="stmt"/>
      </file>
      <file name="TeamOmegaModalPopup.js" path="C:\Users\pathan.khajoddin\Desktop\todolist\src\components\common\TeamOmegaModalPopup.js">
        <metrics statements="3" coveredstatements="3" conditionals="0" coveredconditionals="0" methods="1" coveredmethods="1"/>
        <line num="9" count="1" type="stmt"/>
        <line num="10" count="1" type="stmt"/>
        <line num="33" count="3" type="stmt"/>
      </file>
    </package>
    <package name="src.components.commontest">
      <metrics statements="3" coveredstatements="3" conditionals="0" coveredconditionals="0" methods="2" coveredmethods="2"/>
      <file name="App.mock.js" path="C:\Users\pathan.khajoddin\Desktop\todolist\src\components\commontest\App.mock.js">
        <metrics statements="3" coveredstatements="3" conditionals="0" coveredconditionals="0" methods="2" coveredmethods="2"/>
        <line num="2" count="5" type="stmt"/>
        <line num="3" count="5" type="stmt"/>
        <line num="4" count="5" type="stmt"/>
      </file>
    </package>
  </project>
</coverage>
