{"C:\\Users\\pathan.khajoddin\\Desktop\\todolist\\src\\App.js": {"path":"C:\\Users\\pathan.khajoddin\\Desktop\\todolist\\src\\App.js","statementMap":{"0":{"start":{"line":11,"column":10},"end":{"line":16,"column":3}},"1":{"start":{"line":17,"column":18},"end":{"line":22,"column":3}},"2":{"start":{"line":18,"column":4},"end":{"line":21,"column":6}},"3":{"start":{"line":23,"column":18},"end":{"line":37,"column":3}},"4":{"start":{"line":24,"column":4},"end":{"line":24,"column":23}},"5":{"start":{"line":25,"column":20},"end":{"line":28,"column":5}},"6":{"start":{"line":29,"column":4},"end":{"line":36,"column":5}},"7":{"start":{"line":30,"column":27},"end":{"line":30,"column":57}},"8":{"start":{"line":31,"column":6},"end":{"line":35,"column":8}},"9":{"start":{"line":38,"column":16},"end":{"line":46,"column":3}},"10":{"start":{"line":39,"column":16},"end":{"line":39,"column":32}},"11":{"start":{"line":40,"column":25},"end":{"line":40,"column":59}},"12":{"start":{"line":40,"column":44},"end":{"line":40,"column":58}},"13":{"start":{"line":41,"column":4},"end":{"line":44,"column":6}},"14":{"start":{"line":47,"column":18},"end":{"line":54,"column":3}},"15":{"start":{"line":48,"column":16},"end":{"line":50,"column":6}},"16":{"start":{"line":49,"column":6},"end":{"line":49,"column":27}},"17":{"start":{"line":51,"column":4},"end":{"line":53,"column":6}},"18":{"start":{"line":55,"column":14},"end":{"line":64,"column":3}},"19":{"start":{"line":56,"column":4},"end":{"line":63,"column":5}},"20":{"start":{"line":57,"column":6},"end":{"line":57,"column":37}},"21":{"start":{"line":60,"column":6},"end":{"line":62,"column":8}},"22":{"start":{"line":65,"column":16},"end":{"line":78,"column":3}},"23":{"start":{"line":66,"column":4},"end":{"line":66,"column":23}},"24":{"start":{"line":67,"column":16},"end":{"line":67,"column":32}},"25":{"start":{"line":68,"column":23},"end":{"line":68,"column":68}},"26":{"start":{"line":68,"column":42},"end":{"line":68,"column":67}},"27":{"start":{"line":69,"column":17},"end":{"line":69,"column":44}},"28":{"start":{"line":70,"column":4},"end":{"line":73,"column":5}},"29":{"start":{"line":75,"column":4},"end":{"line":77,"column":6}},"30":{"start":{"line":81,"column":4},"end":{"line":95,"column":5}}},"fnMap":{"0":{"name":"(anonymous_0)","decl":{"start":{"line":17,"column":18},"end":{"line":17,"column":19}},"loc":{"start":{"line":17,"column":25},"end":{"line":22,"column":3}},"line":17},"1":{"name":"(anonymous_1)","decl":{"start":{"line":23,"column":18},"end":{"line":23,"column":19}},"loc":{"start":{"line":23,"column":25},"end":{"line":37,"column":3}},"line":23},"2":{"name":"(anonymous_2)","decl":{"start":{"line":38,"column":16},"end":{"line":38,"column":17}},"loc":{"start":{"line":38,"column":24},"end":{"line":46,"column":3}},"line":38},"3":{"name":"(anonymous_3)","decl":{"start":{"line":40,"column":36},"end":{"line":40,"column":37}},"loc":{"start":{"line":40,"column":44},"end":{"line":40,"column":58}},"line":40},"4":{"name":"(anonymous_4)","decl":{"start":{"line":47,"column":18},"end":{"line":47,"column":19}},"loc":{"start":{"line":47,"column":26},"end":{"line":54,"column":3}},"line":47},"5":{"name":"(anonymous_5)","decl":{"start":{"line":48,"column":40},"end":{"line":48,"column":41}},"loc":{"start":{"line":48,"column":48},"end":{"line":50,"column":5}},"line":48},"6":{"name":"(anonymous_6)","decl":{"start":{"line":55,"column":14},"end":{"line":55,"column":15}},"loc":{"start":{"line":55,"column":20},"end":{"line":64,"column":3}},"line":55},"7":{"name":"(anonymous_7)","decl":{"start":{"line":65,"column":16},"end":{"line":65,"column":17}},"loc":{"start":{"line":65,"column":23},"end":{"line":78,"column":3}},"line":65},"8":{"name":"(anonymous_8)","decl":{"start":{"line":68,"column":34},"end":{"line":68,"column":35}},"loc":{"start":{"line":68,"column":42},"end":{"line":68,"column":67}},"line":68},"9":{"name":"(anonymous_9)","decl":{"start":{"line":80,"column":2},"end":{"line":80,"column":3}},"loc":{"start":{"line":80,"column":11},"end":{"line":97,"column":3}},"line":80}},"branchMap":{"0":{"loc":{"start":{"line":29,"column":4},"end":{"line":36,"column":5}},"type":"if","locations":[{"start":{"line":29,"column":4},"end":{"line":36,"column":5}},{"start":{},"end":{}}],"line":29},"1":{"loc":{"start":{"line":56,"column":4},"end":{"line":63,"column":5}},"type":"if","locations":[{"start":{"line":56,"column":4},"end":{"line":63,"column":5}},{"start":{"line":58,"column":9},"end":{"line":63,"column":5}}],"line":56}},"s":{"0":1,"1":1,"2":1,"3":1,"4":1,"5":1,"6":1,"7":1,"8":1,"9":1,"10":1,"11":1,"12":1,"13":1,"14":1,"15":1,"16":1,"17":1,"18":1,"19":1,"20":0,"21":1,"22":1,"23":1,"24":1,"25":1,"26":1,"27":1,"28":1,"29":1,"30":7},"f":{"0":1,"1":1,"2":1,"3":1,"4":1,"5":1,"6":1,"7":1,"8":1,"9":7},"b":{"0":[1,0],"1":[0,1]},"_coverageSchema":"1a1c01bbd47fc00a2c39e90264f33305004495a9","hash":"42e74f53653bfe949484ff649632e4868ae6ecee"}
,"C:\\Users\\pathan.khajoddin\\Desktop\\todolist\\src\\index.js": {"path":"C:\\Users\\pathan.khajoddin\\Desktop\\todolist\\src\\index.js","statementMap":{"0":{"start":{"line":8,"column":0},"end":{"line":13,"column":2}}},"fnMap":{},"branchMap":{},"s":{"0":1},"f":{},"b":{},"_coverageSchema":"1a1c01bbd47fc00a2c39e90264f33305004495a9","hash":"d22fdcaf1861d903d60c48f165def1a8171f5628"}
,"C:\\Users\\pathan.khajoddin\\Desktop\\todolist\\src\\components\\ListGroupItems.js": {"path":"C:\\Users\\pathan.khajoddin\\Desktop\\todolist\\src\\components\\ListGroupItems.js","statementMap":{"0":{"start":{"line":9,"column":52},"end":{"line":9,"column":62}},"1":{"start":{"line":10,"column":8},"end":{"line":10,"column":51}},"2":{"start":{"line":11,"column":8},"end":{"line":19,"column":9}},"3":{"start":{"line":23,"column":0},"end":{"line":27,"column":1}}},"fnMap":{"0":{"name":"(anonymous_0)","decl":{"start":{"line":8,"column":4},"end":{"line":8,"column":5}},"loc":{"start":{"line":8,"column":13},"end":{"line":20,"column":5}},"line":8}},"branchMap":{},"s":{"0":1,"1":1,"2":1,"3":4},"f":{"0":1},"b":{},"_coverageSchema":"1a1c01bbd47fc00a2c39e90264f33305004495a9","hash":"00c7dfd431b783274a725fd5c60b93c1582b719a"}
,"C:\\Users\\pathan.khajoddin\\Desktop\\todolist\\src\\components\\TodoListElement.js": {"path":"C:\\Users\\pathan.khajoddin\\Desktop\\todolist\\src\\components\\TodoListElement.js","statementMap":{"0":{"start":{"line":8,"column":52},"end":{"line":8,"column":62}},"1":{"start":{"line":11,"column":12},"end":{"line":15,"column":14}},"2":{"start":{"line":12,"column":16},"end":{"line":14,"column":18}},"3":{"start":{"line":13,"column":85},"end":{"line":13,"column":107}},"4":{"start":{"line":13,"column":128},"end":{"line":13,"column":148}},"5":{"start":{"line":16,"column":8},"end":{"line":22,"column":9}},"6":{"start":{"line":26,"column":0},"end":{"line":31,"column":1}}},"fnMap":{"0":{"name":"(anonymous_0)","decl":{"start":{"line":7,"column":4},"end":{"line":7,"column":5}},"loc":{"start":{"line":7,"column":13},"end":{"line":23,"column":5}},"line":7},"1":{"name":"(anonymous_1)","decl":{"start":{"line":11,"column":22},"end":{"line":11,"column":23}},"loc":{"start":{"line":11,"column":30},"end":{"line":15,"column":13}},"line":11},"2":{"name":"(anonymous_2)","decl":{"start":{"line":13,"column":79},"end":{"line":13,"column":80}},"loc":{"start":{"line":13,"column":85},"end":{"line":13,"column":107}},"line":13},"3":{"name":"(anonymous_3)","decl":{"start":{"line":13,"column":122},"end":{"line":13,"column":123}},"loc":{"start":{"line":13,"column":128},"end":{"line":13,"column":148}},"line":13}},"branchMap":{},"s":{"0":1,"1":1,"2":1,"3":0,"4":0,"5":1,"6":3},"f":{"0":1,"1":1,"2":0,"3":0},"b":{},"_coverageSchema":"1a1c01bbd47fc00a2c39e90264f33305004495a9","hash":"9913acdaaa45d5f0c50366113d25df191c129ea9"}
,"C:\\Users\\pathan.khajoddin\\Desktop\\todolist\\src\\components\\common\\TeamOmegaButtons.js": {"path":"C:\\Users\\pathan.khajoddin\\Desktop\\todolist\\src\\components\\common\\TeamOmegaButtons.js","statementMap":{"0":{"start":{"line":11,"column":69},"end":{"line":11,"column":79}},"1":{"start":{"line":14,"column":8},"end":{"line":19,"column":9}},"2":{"start":{"line":23,"column":0},"end":{"line":29,"column":1}}},"fnMap":{"0":{"name":"(anonymous_0)","decl":{"start":{"line":10,"column":4},"end":{"line":10,"column":5}},"loc":{"start":{"line":10,"column":13},"end":{"line":20,"column":5}},"line":10}},"branchMap":{},"s":{"0":1,"1":1,"2":6},"f":{"0":1},"b":{},"_coverageSchema":"1a1c01bbd47fc00a2c39e90264f33305004495a9","hash":"2f710f71c78e93f685b7b101c6f69d2c7652b4ec"}
,"C:\\Users\\pathan.khajoddin\\Desktop\\todolist\\src\\components\\common\\TeamOmegaHeader.js": {"path":"C:\\Users\\pathan.khajoddin\\Desktop\\todolist\\src\\components\\common\\TeamOmegaHeader.js","statementMap":{"0":{"start":{"line":5,"column":8},"end":{"line":11,"column":9}}},"fnMap":{"0":{"name":"(anonymous_0)","decl":{"start":{"line":4,"column":4},"end":{"line":4,"column":5}},"loc":{"start":{"line":4,"column":13},"end":{"line":12,"column":5}},"line":4}},"branchMap":{},"s":{"0":3},"f":{"0":3},"b":{},"_coverageSchema":"1a1c01bbd47fc00a2c39e90264f33305004495a9","hash":"d1913d0da862622275ad6a3d2360a4b6328096c1"}
,"C:\\Users\\pathan.khajoddin\\Desktop\\todolist\\src\\components\\common\\TeamOmegaInputBox.js": {"path":"C:\\Users\\pathan.khajoddin\\Desktop\\todolist\\src\\components\\common\\TeamOmegaInputBox.js","statementMap":{"0":{"start":{"line":6,"column":18},"end":{"line":8,"column":5}},"1":{"start":{"line":7,"column":8},"end":{"line":7,"column":43}},"2":{"start":{"line":10,"column":52},"end":{"line":10,"column":62}},"3":{"start":{"line":11,"column":8},"end":{"line":15,"column":9}},"4":{"start":{"line":19,"column":0},"end":{"line":25,"column":1}}},"fnMap":{"0":{"name":"(anonymous_0)","decl":{"start":{"line":6,"column":18},"end":{"line":6,"column":19}},"loc":{"start":{"line":6,"column":23},"end":{"line":8,"column":5}},"line":6},"1":{"name":"(anonymous_1)","decl":{"start":{"line":9,"column":4},"end":{"line":9,"column":5}},"loc":{"start":{"line":9,"column":13},"end":{"line":16,"column":5}},"line":9}},"branchMap":{},"s":{"0":2,"1":0,"2":2,"3":2,"4":4},"f":{"0":0,"1":2},"b":{},"_coverageSchema":"1a1c01bbd47fc00a2c39e90264f33305004495a9","hash":"72c26fb517d6a03af8e67ac254183425ccbe7851"}
,"C:\\Users\\pathan.khajoddin\\Desktop\\todolist\\src\\components\\common\\TeamOmegaModalPopup.js": {"path":"C:\\Users\\pathan.khajoddin\\Desktop\\todolist\\src\\components\\common\\TeamOmegaModalPopup.js","statementMap":{"0":{"start":{"line":9,"column":41},"end":{"line":9,"column":51}},"1":{"start":{"line":10,"column":8},"end":{"line":29,"column":9}},"2":{"start":{"line":33,"column":0},"end":{"line":37,"column":1}}},"fnMap":{"0":{"name":"(anonymous_0)","decl":{"start":{"line":8,"column":4},"end":{"line":8,"column":5}},"loc":{"start":{"line":8,"column":13},"end":{"line":30,"column":5}},"line":8}},"branchMap":{},"s":{"0":1,"1":1,"2":3},"f":{"0":1},"b":{},"_coverageSchema":"1a1c01bbd47fc00a2c39e90264f33305004495a9","hash":"dda2db1655543ca7696d691e8c9fe96d7f8c71cf"}
,"C:\\Users\\pathan.khajoddin\\Desktop\\todolist\\src\\components\\commontest\\App.mock.js": {"path":"C:\\Users\\pathan.khajoddin\\Desktop\\todolist\\src\\components\\commontest\\App.mock.js","statementMap":{"0":{"start":{"line":2,"column":26},"end":{"line":3,"column":79}},"1":{"start":{"line":3,"column":4},"end":{"line":3,"column":79}},"2":{"start":{"line":4,"column":34},"end":{"line":4,"column":94}},"3":{"start":{"line":4,"column":55},"end":{"line":4,"column":94}}},"fnMap":{"0":{"name":"(anonymous_0)","decl":{"start":{"line":2,"column":26},"end":{"line":2,"column":27}},"loc":{"start":{"line":3,"column":4},"end":{"line":3,"column":79}},"line":3},"1":{"name":"(anonymous_1)","decl":{"start":{"line":4,"column":34},"end":{"line":4,"column":35}},"loc":{"start":{"line":4,"column":55},"end":{"line":4,"column":94}},"line":4}},"branchMap":{},"s":{"0":5,"1":5,"2":5,"3":1},"f":{"0":5,"1":1},"b":{},"_coverageSchema":"1a1c01bbd47fc00a2c39e90264f33305004495a9","hash":"bf0cb439afb8e2cfefe5c6a5b3c68b3a42b8b1b3"}
}
