TN:
SF:src\App.js
FN:17,(anonymous_0)
FN:23,(anonymous_1)
FN:38,(anonymous_2)
FN:40,(anonymous_3)
FN:47,(anonymous_4)
FN:48,(anonymous_5)
FN:55,(anonymous_6)
FN:65,(anonymous_7)
FN:68,(anonymous_8)
FN:80,(anonymous_9)
FNF:10
FNH:10
FNDA:1,(anonymous_0)
FNDA:1,(anonymous_1)
FNDA:1,(anonymous_2)
FNDA:1,(anonymous_3)
FNDA:1,(anonymous_4)
FNDA:1,(anonymous_5)
FNDA:1,(anonymous_6)
FNDA:1,(anonymous_7)
FNDA:1,(anonymous_8)
FNDA:7,(anonymous_9)
DA:11,1
DA:17,1
DA:18,1
DA:23,1
DA:24,1
DA:25,1
DA:29,1
DA:30,1
DA:31,1
DA:38,1
DA:39,1
DA:40,1
DA:41,1
DA:47,1
DA:48,1
DA:49,1
DA:51,1
DA:55,1
DA:56,1
DA:57,0
DA:60,1
DA:65,1
DA:66,1
DA:67,1
DA:68,1
DA:69,1
DA:70,1
DA:75,1
DA:81,7
LF:29
LH:28
BRDA:29,0,0,1
BRDA:29,0,1,0
BRDA:56,1,0,0
BRDA:56,1,1,1
BRF:4
BRH:2
end_of_record
TN:
SF:src\index.js
FNF:0
FNH:0
DA:8,1
LF:1
LH:1
BRF:0
BRH:0
end_of_record
TN:
SF:src\components\ListGroupItems.js
FN:8,(anonymous_0)
FNF:1
FNH:1
FNDA:1,(anonymous_0)
DA:9,1
DA:10,1
DA:11,1
DA:23,4
LF:4
LH:4
BRF:0
BRH:0
end_of_record
TN:
SF:src\components\TodoListElement.js
FN:7,(anonymous_0)
FN:11,(anonymous_1)
FN:13,(anonymous_2)
FN:13,(anonymous_3)
FNF:4
FNH:2
FNDA:1,(anonymous_0)
FNDA:1,(anonymous_1)
FNDA:0,(anonymous_2)
FNDA:0,(anonymous_3)
DA:8,1
DA:11,1
DA:12,1
DA:13,0
DA:16,1
DA:26,3
LF:6
LH:5
BRF:0
BRH:0
end_of_record
TN:
SF:src\components\common\TeamOmegaButtons.js
FN:10,(anonymous_0)
FNF:1
FNH:1
FNDA:1,(anonymous_0)
DA:11,1
DA:14,1
DA:23,6
LF:3
LH:3
BRF:0
BRH:0
end_of_record
TN:
SF:src\components\common\TeamOmegaHeader.js
FN:4,(anonymous_0)
FNF:1
FNH:1
FNDA:3,(anonymous_0)
DA:5,3
LF:1
LH:1
BRF:0
BRH:0
end_of_record
TN:
SF:src\components\common\TeamOmegaInputBox.js
FN:6,(anonymous_0)
FN:9,(anonymous_1)
FNF:2
FNH:1
FNDA:0,(anonymous_0)
FNDA:2,(anonymous_1)
DA:6,2
DA:7,0
DA:10,2
DA:11,2
DA:19,4
LF:5
LH:4
BRF:0
BRH:0
end_of_record
TN:
SF:src\components\common\TeamOmegaModalPopup.js
FN:8,(anonymous_0)
FNF:1
FNH:1
FNDA:1,(anonymous_0)
DA:9,1
DA:10,1
DA:33,3
LF:3
LH:3
BRF:0
BRH:0
end_of_record
TN:
SF:src\components\commontest\App.mock.js
FN:2,(anonymous_0)
FN:4,(anonymous_1)
FNF:2
FNH:2
FNDA:5,(anonymous_0)
FNDA:1,(anonymous_1)
DA:2,5
DA:3,5
DA:4,5
LF:3
LH:3
BRF:0
BRH:0
end_of_record
